<?xml version="1.0" encoding="UTF-8"?>
<testsuite xmlns:xsi="http://www.w3.org/2001/XMLSchema-instance" xsi:noNamespaceSchemaLocation="https://maven.apache.org/surefire/maven-surefire-plugin/xsd/surefire-test-report-3.0.xsd" version="3.0" name="TestSuite" time="16.226" tests="1" errors="0" skipped="0" failures="0">
  <properties>
    <property name="socksProxyHost" value="localhost"/>
    <property name="java.specification.version" value="15"/>
    <property name="webdriver.chrome.driver" value="../Generic/BrowserDriver/mac/chromedriver"/>
    <property name="sun.jnu.encoding" value="UTF-8"/>
    <property name="java.class.path" value="/Users/mosharafhossain/IdeaProjects/WebAutomation_Framework_Selenium_Mine/Amazon/target/test-classes:/Users/mosharafhossain/IdeaProjects/WebAutomation_Framework_Selenium_Mine/Amazon/target/classes:/Users/mosharafhossain/IdeaProjects/WebAutomation_Framework_Selenium_Mine/Generic/target/classes:/Users/mosharafhossain/.m2/repository/org/seleniumhq/selenium/selenium-java/3.141.59/selenium-java-3.141.59.jar:/Users/mosharafhossain/.m2/repository/org/seleniumhq/selenium/selenium-api/3.141.59/selenium-api-3.141.59.jar:/Users/mosharafhossain/.m2/repository/org/seleniumhq/selenium/selenium-chrome-driver/3.141.59/selenium-chrome-driver-3.141.59.jar:/Users/mosharafhossain/.m2/repository/org/seleniumhq/selenium/selenium-edge-driver/3.141.59/selenium-edge-driver-3.141.59.jar:/Users/mosharafhossain/.m2/repository/org/seleniumhq/selenium/selenium-firefox-driver/3.141.59/selenium-firefox-driver-3.141.59.jar:/Users/mosharafhossain/.m2/repository/org/seleniumhq/selenium/selenium-ie-driver/3.141.59/selenium-ie-driver-3.141.59.jar:/Users/mosharafhossain/.m2/repository/org/seleniumhq/selenium/selenium-opera-driver/3.141.59/selenium-opera-driver-3.141.59.jar:/Users/mosharafhossain/.m2/repository/org/seleniumhq/selenium/selenium-remote-driver/3.141.59/selenium-remote-driver-3.141.59.jar:/Users/mosharafhossain/.m2/repository/org/seleniumhq/selenium/selenium-safari-driver/3.141.59/selenium-safari-driver-3.141.59.jar:/Users/mosharafhossain/.m2/repository/org/seleniumhq/selenium/selenium-support/3.141.59/selenium-support-3.141.59.jar:/Users/mosharafhossain/.m2/repository/net/bytebuddy/byte-buddy/1.8.15/byte-buddy-1.8.15.jar:/Users/mosharafhossain/.m2/repository/org/apache/commons/commons-exec/1.3/commons-exec-1.3.jar:/Users/mosharafhossain/.m2/repository/com/google/guava/guava/25.0-jre/guava-25.0-jre.jar:/Users/mosharafhossain/.m2/repository/com/google/code/findbugs/jsr305/1.3.9/jsr305-1.3.9.jar:/Users/mosharafhossain/.m2/repository/org/checkerframework/checker-compat-qual/2.0.0/checker-compat-qual-2.0.0.jar:/Users/mosharafhossain/.m2/repository/com/google/errorprone/error_prone_annotations/2.1.3/error_prone_annotations-2.1.3.jar:/Users/mosharafhossain/.m2/repository/com/google/j2objc/j2objc-annotations/1.1/j2objc-annotations-1.1.jar:/Users/mosharafhossain/.m2/repository/org/codehaus/mojo/animal-sniffer-annotations/1.14/animal-sniffer-annotations-1.14.jar:/Users/mosharafhossain/.m2/repository/com/squareup/okhttp3/okhttp/3.11.0/okhttp-3.11.0.jar:/Users/mosharafhossain/.m2/repository/com/squareup/okio/okio/1.14.0/okio-1.14.0.jar:/Users/mosharafhossain/.m2/repository/org/seleniumhq/selenium/selenium-server/3.141.59/selenium-server-3.141.59.jar:/Users/mosharafhossain/.m2/repository/com/beust/jcommander/1.72/jcommander-1.72.jar:/Users/mosharafhossain/.m2/repository/net/jcip/jcip-annotations/1.0/jcip-annotations-1.0.jar:/Users/mosharafhossain/.m2/repository/org/seleniumhq/selenium/jetty-repacked/9.4.12.v20180830/jetty-repacked-9.4.12.v20180830.jar:/Users/mosharafhossain/.m2/repository/javax/servlet/javax.servlet-api/3.1.0/javax.servlet-api-3.1.0.jar:/Users/mosharafhossain/.m2/repository/org/yaml/snakeyaml/1.19/snakeyaml-1.19.jar:/Users/mosharafhossain/.m2/repository/org/testng/testng/7.1.0/testng-7.1.0.jar:/Users/mosharafhossain/.m2/repository/com/google/inject/guice/4.1.0/guice-4.1.0-no_aop.jar:/Users/mosharafhossain/.m2/repository/javax/inject/javax.inject/1/javax.inject-1.jar:/Users/mosharafhossain/.m2/repository/aopalliance/aopalliance/1.0/aopalliance-1.0.jar:/Users/mosharafhossain/.m2/repository/org/apache/poi/poi/4.1.2/poi-4.1.2.jar:/Users/mosharafhossain/.m2/repository/commons-codec/commons-codec/1.13/commons-codec-1.13.jar:/Users/mosharafhossain/.m2/repository/org/apache/commons/commons-collections4/4.4/commons-collections4-4.4.jar:/Users/mosharafhossain/.m2/repository/org/apache/commons/commons-math3/3.6.1/commons-math3-3.6.1.jar:/Users/mosharafhossain/.m2/repository/com/zaxxer/SparseBitSet/1.2/SparseBitSet-1.2.jar:/Users/mosharafhossain/.m2/repository/org/apache/poi/poi-ooxml/4.1.2/poi-ooxml-4.1.2.jar:/Users/mosharafhossain/.m2/repository/org/apache/commons/commons-compress/1.19/commons-compress-1.19.jar:/Users/mosharafhossain/.m2/repository/com/github/virtuald/curvesapi/1.06/curvesapi-1.06.jar:/Users/mosharafhossain/.m2/repository/org/apache/poi/poi-ooxml-schemas/4.1.2/poi-ooxml-schemas-4.1.2.jar:/Users/mosharafhossain/.m2/repository/org/apache/xmlbeans/xmlbeans/3.1.0/xmlbeans-3.1.0.jar:/Users/mosharafhossain/.m2/repository/mysql/mysql-connector-java/8.0.22/mysql-connector-java-8.0.22.jar:/Users/mosharafhossain/.m2/repository/com/google/protobuf/protobuf-java/3.11.4/protobuf-java-3.11.4.jar:/Users/mosharafhossain/.m2/repository/org/mongodb/mongo-java-driver/3.12.7/mongo-java-driver-3.12.7.jar:/Users/mosharafhossain/.m2/repository/com/aventstack/extentreports/5.0.4/extentreports-5.0.4.jar:/Users/mosharafhossain/.m2/repository/io/reactivex/rxjava3/rxjava/3.0.4/rxjava-3.0.4.jar:/Users/mosharafhossain/.m2/repository/org/reactivestreams/reactive-streams/1.0.3/reactive-streams-1.0.3.jar:/Users/mosharafhossain/.m2/repository/org/freemarker/freemarker/2.3.30/freemarker-2.3.30.jar:/Users/mosharafhossain/.m2/repository/org/projectlombok/lombok/1.18.12/lombok-1.18.12.jar:/Users/mosharafhossain/.m2/repository/com/google/code/gson/gson/2.8.6/gson-2.8.6.jar:/Users/mosharafhossain/.m2/repository/com/relevantcodes/extentreports/2.41.2/extentreports-2.41.2.jar:/Users/mosharafhossain/.m2/repository/org/jsoup/jsoup/1.8.3/jsoup-1.8.3.jar:/Users/mosharafhossain/.m2/repository/org/xerial/sqlite-jdbc/3.8.11.1/sqlite-jdbc-3.8.11.1.jar:/Users/mosharafhossain/.m2/repository/org/mongodb/mongodb-driver/3.0.4/mongodb-driver-3.0.4.jar:/Users/mosharafhossain/.m2/repository/org/mongodb/bson/3.0.4/bson-3.0.4.jar:/Users/mosharafhossain/.m2/repository/org/mongodb/mongodb-driver-core/3.0.4/mongodb-driver-core-3.0.4.jar:/Users/mosharafhossain/.m2/repository/org/apache/commons/commons-lang3/3.11/commons-lang3-3.11.jar:/Users/mosharafhossain/.m2/repository/commons-io/commons-io/2.8.0/commons-io-2.8.0.jar:"/>
    <property name="java.vm.vendor" value="Oracle Corporation"/>
    <property name="sun.arch.data.model" value="64"/>
    <property name="java.vendor.url" value="https://openjdk.java.net/"/>
    <property name="user.timezone" value="America/New_York"/>
    <property name="os.name" value="Mac OS X"/>
    <property name="java.vm.specification.version" value="15"/>
    <property name="sun.java.launcher" value="SUN_STANDARD"/>
    <property name="user.country" value="US"/>
    <property name="sun.boot.library.path" value="/usr/local/Cellar/openjdk/15.0.1/libexec/openjdk.jdk/Contents/Home/lib"/>
    <property name="sun.java.command" value="/Users/mosharafhossain/IdeaProjects/WebAutomation_Framework_Selenium_Mine/Amazon/target/surefire/surefirebooter15583234735119536838.jar /Users/mosharafhossain/IdeaProjects/WebAutomation_Framework_Selenium_Mine/Amazon/target/surefire 2020-11-03T14-59-56_383-jvmRun1 surefire3943401570199628469tmp surefire_113801181505665761161tmp"/>
    <property name="http.nonProxyHosts" value="local|*.local|169.254/16|*.169.254/16"/>
    <property name="jdk.debug" value="release"/>
    <property name="surefire.test.class.path" value="/Users/mosharafhossain/IdeaProjects/WebAutomation_Framework_Selenium_Mine/Amazon/target/test-classes:/Users/mosharafhossain/IdeaProjects/WebAutomation_Framework_Selenium_Mine/Amazon/target/classes:/Users/mosharafhossain/IdeaProjects/WebAutomation_Framework_Selenium_Mine/Generic/target/classes:/Users/mosharafhossain/.m2/repository/org/seleniumhq/selenium/selenium-java/3.141.59/selenium-java-3.141.59.jar:/Users/mosharafhossain/.m2/repository/org/seleniumhq/selenium/selenium-api/3.141.59/selenium-api-3.141.59.jar:/Users/mosharafhossain/.m2/repository/org/seleniumhq/selenium/selenium-chrome-driver/3.141.59/selenium-chrome-driver-3.141.59.jar:/Users/mosharafhossain/.m2/repository/org/seleniumhq/selenium/selenium-edge-driver/3.141.59/selenium-edge-driver-3.141.59.jar:/Users/mosharafhossain/.m2/repository/org/seleniumhq/selenium/selenium-firefox-driver/3.141.59/selenium-firefox-driver-3.141.59.jar:/Users/mosharafhossain/.m2/repository/org/seleniumhq/selenium/selenium-ie-driver/3.141.59/selenium-ie-driver-3.141.59.jar:/Users/mosharafhossain/.m2/repository/org/seleniumhq/selenium/selenium-opera-driver/3.141.59/selenium-opera-driver-3.141.59.jar:/Users/mosharafhossain/.m2/repository/org/seleniumhq/selenium/selenium-remote-driver/3.141.59/selenium-remote-driver-3.141.59.jar:/Users/mosharafhossain/.m2/repository/org/seleniumhq/selenium/selenium-safari-driver/3.141.59/selenium-safari-driver-3.141.59.jar:/Users/mosharafhossain/.m2/repository/org/seleniumhq/selenium/selenium-support/3.141.59/selenium-support-3.141.59.jar:/Users/mosharafhossain/.m2/repository/net/bytebuddy/byte-buddy/1.8.15/byte-buddy-1.8.15.jar:/Users/mosharafhossain/.m2/repository/org/apache/commons/commons-exec/1.3/commons-exec-1.3.jar:/Users/mosharafhossain/.m2/repository/com/google/guava/guava/25.0-jre/guava-25.0-jre.jar:/Users/mosharafhossain/.m2/repository/com/google/code/findbugs/jsr305/1.3.9/jsr305-1.3.9.jar:/Users/mosharafhossain/.m2/repository/org/checkerframework/checker-compat-qual/2.0.0/checker-compat-qual-2.0.0.jar:/Users/mosharafhossain/.m2/repository/com/google/errorprone/error_prone_annotations/2.1.3/error_prone_annotations-2.1.3.jar:/Users/mosharafhossain/.m2/repository/com/google/j2objc/j2objc-annotations/1.1/j2objc-annotations-1.1.jar:/Users/mosharafhossain/.m2/repository/org/codehaus/mojo/animal-sniffer-annotations/1.14/animal-sniffer-annotations-1.14.jar:/Users/mosharafhossain/.m2/repository/com/squareup/okhttp3/okhttp/3.11.0/okhttp-3.11.0.jar:/Users/mosharafhossain/.m2/repository/com/squareup/okio/okio/1.14.0/okio-1.14.0.jar:/Users/mosharafhossain/.m2/repository/org/seleniumhq/selenium/selenium-server/3.141.59/selenium-server-3.141.59.jar:/Users/mosharafhossain/.m2/repository/com/beust/jcommander/1.72/jcommander-1.72.jar:/Users/mosharafhossain/.m2/repository/net/jcip/jcip-annotations/1.0/jcip-annotations-1.0.jar:/Users/mosharafhossain/.m2/repository/org/seleniumhq/selenium/jetty-repacked/9.4.12.v20180830/jetty-repacked-9.4.12.v20180830.jar:/Users/mosharafhossain/.m2/repository/javax/servlet/javax.servlet-api/3.1.0/javax.servlet-api-3.1.0.jar:/Users/mosharafhossain/.m2/repository/org/yaml/snakeyaml/1.19/snakeyaml-1.19.jar:/Users/mosharafhossain/.m2/repository/org/testng/testng/7.1.0/testng-7.1.0.jar:/Users/mosharafhossain/.m2/repository/com/google/inject/guice/4.1.0/guice-4.1.0-no_aop.jar:/Users/mosharafhossain/.m2/repository/javax/inject/javax.inject/1/javax.inject-1.jar:/Users/mosharafhossain/.m2/repository/aopalliance/aopalliance/1.0/aopalliance-1.0.jar:/Users/mosharafhossain/.m2/repository/org/apache/poi/poi/4.1.2/poi-4.1.2.jar:/Users/mosharafhossain/.m2/repository/commons-codec/commons-codec/1.13/commons-codec-1.13.jar:/Users/mosharafhossain/.m2/repository/org/apache/commons/commons-collections4/4.4/commons-collections4-4.4.jar:/Users/mosharafhossain/.m2/repository/org/apache/commons/commons-math3/3.6.1/commons-math3-3.6.1.jar:/Users/mosharafhossain/.m2/repository/com/zaxxer/SparseBitSet/1.2/SparseBitSet-1.2.jar:/Users/mosharafhossain/.m2/repository/org/apache/poi/poi-ooxml/4.1.2/poi-ooxml-4.1.2.jar:/Users/mosharafhossain/.m2/repository/org/apache/commons/commons-compress/1.19/commons-compress-1.19.jar:/Users/mosharafhossain/.m2/repository/com/github/virtuald/curvesapi/1.06/curvesapi-1.06.jar:/Users/mosharafhossain/.m2/repository/org/apache/poi/poi-ooxml-schemas/4.1.2/poi-ooxml-schemas-4.1.2.jar:/Users/mosharafhossain/.m2/repository/org/apache/xmlbeans/xmlbeans/3.1.0/xmlbeans-3.1.0.jar:/Users/mosharafhossain/.m2/repository/mysql/mysql-connector-java/8.0.22/mysql-connector-java-8.0.22.jar:/Users/mosharafhossain/.m2/repository/com/google/protobuf/protobuf-java/3.11.4/protobuf-java-3.11.4.jar:/Users/mosharafhossain/.m2/repository/org/mongodb/mongo-java-driver/3.12.7/mongo-java-driver-3.12.7.jar:/Users/mosharafhossain/.m2/repository/com/aventstack/extentreports/5.0.4/extentreports-5.0.4.jar:/Users/mosharafhossain/.m2/repository/io/reactivex/rxjava3/rxjava/3.0.4/rxjava-3.0.4.jar:/Users/mosharafhossain/.m2/repository/org/reactivestreams/reactive-streams/1.0.3/reactive-streams-1.0.3.jar:/Users/mosharafhossain/.m2/repository/org/freemarker/freemarker/2.3.30/freemarker-2.3.30.jar:/Users/mosharafhossain/.m2/repository/org/projectlombok/lombok/1.18.12/lombok-1.18.12.jar:/Users/mosharafhossain/.m2/repository/com/google/code/gson/gson/2.8.6/gson-2.8.6.jar:/Users/mosharafhossain/.m2/repository/com/relevantcodes/extentreports/2.41.2/extentreports-2.41.2.jar:/Users/mosharafhossain/.m2/repository/org/jsoup/jsoup/1.8.3/jsoup-1.8.3.jar:/Users/mosharafhossain/.m2/repository/org/xerial/sqlite-jdbc/3.8.11.1/sqlite-jdbc-3.8.11.1.jar:/Users/mosharafhossain/.m2/repository/org/mongodb/mongodb-driver/3.0.4/mongodb-driver-3.0.4.jar:/Users/mosharafhossain/.m2/repository/org/mongodb/bson/3.0.4/bson-3.0.4.jar:/Users/mosharafhossain/.m2/repository/org/mongodb/mongodb-driver-core/3.0.4/mongodb-driver-core-3.0.4.jar:/Users/mosharafhossain/.m2/repository/org/apache/commons/commons-lang3/3.11/commons-lang3-3.11.jar:/Users/mosharafhossain/.m2/repository/commons-io/commons-io/2.8.0/commons-io-2.8.0.jar:"/>
    <property name="sun.cpu.endian" value="little"/>
    <property name="user.home" value="/Users/mosharafhossain"/>
    <property name="user.language" value="en"/>
    <property name="java.specification.vendor" value="Oracle Corporation"/>
    <property name="java.version.date" value="2020-10-20"/>
    <property name="java.home" value="/usr/local/Cellar/openjdk/15.0.1/libexec/openjdk.jdk/Contents/Home"/>
    <property name="testng.dtd.http" value="true"/>
    <property name="file.separator" value="/"/>
    <property name="basedir" value="/Users/mosharafhossain/IdeaProjects/WebAutomation_Framework_Selenium_Mine/Amazon"/>
    <property name="java.vm.compressedOopsMode" value="Zero based"/>
    <property name="line.separator" value="&#10;"/>
    <property name="java.vm.specification.vendor" value="Oracle Corporation"/>
    <property name="java.specification.name" value="Java Platform API Specification"/>
    <property name="surefire.real.class.path" value="/Users/mosharafhossain/IdeaProjects/WebAutomation_Framework_Selenium_Mine/Amazon/target/surefire/surefirebooter15583234735119536838.jar"/>
    <property name="sun.management.compiler" value="HotSpot 64-Bit Tiered Compilers"/>
    <property name="ftp.nonProxyHosts" value="local|*.local|169.254/16|*.169.254/16"/>
    <property name="java.runtime.version" value="15.0.1+9"/>
    <property name="user.name" value="mosharafhossain"/>
    <property name="path.separator" value=":"/>
    <property name="os.version" value="10.15.6"/>
    <property name="java.runtime.name" value="OpenJDK Runtime Environment"/>
    <property name="file.encoding" value="UTF-8"/>
    <property name="java.vm.name" value="OpenJDK 64-Bit Server VM"/>
    <property name="localRepository" value="/Users/mosharafhossain/.m2/repository"/>
    <property name="java.vendor.url.bug" value="https://bugreport.java.com/bugreport/"/>
    <property name="java.io.tmpdir" value="/var/folders/7r/_v7j_l8576ld4n__qqm5gxjw0000gn/T/"/>
    <property name="java.version" value="15.0.1"/>
    <property name="user.dir" value="/Users/mosharafhossain/IdeaProjects/WebAutomation_Framework_Selenium_Mine/Amazon"/>
    <property name="os.arch" value="x86_64"/>
    <property name="socksProxyPort" value="8080"/>
    <property name="java.vm.specification.name" value="Java Virtual Machine Specification"/>
    <property name="java.library.path" value="/Users/mosharafhossain/Library/Java/Extensions:/Library/Java/Extensions:/Network/Library/Java/Extensions:/System/Library/Java/Extensions:/usr/lib/java:."/>
    <property name="java.vm.info" value="mixed mode, sharing"/>
    <property name="java.vendor" value="N/A"/>
    <property name="java.vm.version" value="15.0.1+9"/>
    <property name="sun.io.unicode.encoding" value="UnicodeBig"/>
    <property name="socksNonProxyHosts" value="local|*.local|169.254/16|*.169.254/16"/>
    <property name="java.class.version" value="59.0"/>
  </properties>
  <testcase name="testSearchBox1" classname="testhome.HomePageTest" time="12.448">
    <system-out><![CDATA[Extent Report Directory/Users/mosharafhossain/IdeaProjects/WebAutomation_Framework_Selenium_Mine/Amazon/target/surefire-reports/html
]]></system-out>
    <system-err><![CDATA[Starting ChromeDriver 86.0.4240.22 (398b0743353ff36fb1b82468f63a3a93b4e2e89e-refs/branch-heads/4240@{#378}) on port 15501
Only local connections are allowed.
Please see https://chromedriver.chromium.org/security-considerations for suggestions on keeping ChromeDriver safe.
ChromeDriver was started successfully.
Nov 03, 2020 3:00:02 PM org.openqa.selenium.remote.ProtocolHandshake createSession
INFO: Detected dialect: W3C
]]></system-err>
  </testcase>
</testsuite>