<?xml version="1.0" encoding="UTF-8"?>
<!-- Generated by org.testng.reporters.JUnitReportReporter -->
<testsuite hostname="Mosharafs-MacBook-Pro.local" failures="0" tests="1" name="testhome.HomePageTest" time="15.829" errors="0" timestamp="2020-11-03T15:00:17 EST" skipped="0">
  <testcase classname="testhome.HomePageTest" name="testSearchBox1" time="15.829"/>
  <system-out/>
</testsuite> <!-- testhome.HomePageTest -->
